# JRE version: Java(TM) SE Runtime Environment (17.0+35) (build 17+35-LTS-2724)
# Java VM: Java HotSpot(TM) 64-Bit Server VM (17+35-LTS-2724, mixed mode, sharing, tiered, compressed oops, compressed class ptrs, g1 gc, windows-amd64)
GC Precious Log:
 CPUs: 8 total, 8 available
 Memory: 16141M
 Large Page Support: Disabled
 NUMA Support: Disabled
 Compressed Oops: Enabled (32-bit)
 Heap Region Size: 1M
 Heap Min Capacity: 8M
 Heap Initial Capacity: 254M
 Heap Max Capacity: 1536M
 Pre-touch: Disabled
 Parallel Workers: 8
 Concurrent Workers: 2
 Concurrent Refinement Workers: 8
 Periodic GC: Disabled
Heap:
 garbage-first heap   total 312320K, used 245055K [0x00000000a0000000, 0x0000000100000000)
  region size 1024K, 34 young (34816K), 4 survivors (4096K)
 Metaspace       used 103041K, committed 104384K, reserved 1138688K
  class space    used 14261K, committed 14912K, reserved 1048576K
GC Heap History (20 events):
Event: 117.193 GC heap before
{Heap before GC invocations=54 (full 0):
 garbage-first heap   total 260096K, used 219568K [0x00000000a0000000, 0x0000000100000000)
  region size 1024K, 48 young (49152K), 4 survivors (4096K)
 Metaspace       used 101560K, committed 102720K, reserved 1138688K
  class space    used 14114K, committed 14656K, reserved 1048576K
}
Event: 117.204 GC heap after
{Heap after GC invocations=55 (full 0):
 garbage-first heap   total 260096K, used 180143K [0x00000000a0000000, 0x0000000100000000)
  region size 1024K, 5 young (5120K), 5 survivors (5120K)
 Metaspace       used 101560K, committed 102720K, reserved 1138688K
  class space    used 14114K, committed 14656K, reserved 1048576K
}
Event: 117.715 GC heap before
{Heap before GC invocations=55 (full 0):
 garbage-first heap   total 260096K, used 220079K [0x00000000a0000000, 0x0000000100000000)
  region size 1024K, 45 young (46080K), 5 survivors (5120K)
 Metaspace       used 101648K, committed 102784K, reserved 1138688K
  class space    used 14121K, committed 14656K, reserved 1048576K
}
Event: 117.727 GC heap after
{Heap after GC invocations=56 (full 0):
 garbage-first heap   total 260096K, used 184152K [0x00000000a0000000, 0x0000000100000000)
  region size 1024K, 5 young (5120K), 5 survivors (5120K)
 Metaspace       used 101648K, committed 102784K, reserved 1138688K
  class space    used 14121K, committed 14656K, reserved 1048576K
}
Event: 118.000 GC heap before
{Heap before GC invocations=56 (full 0):
 garbage-first heap   total 260096K, used 221016K [0x00000000a0000000, 0x0000000100000000)
  region size 1024K, 41 young (41984K), 5 survivors (5120K)
 Metaspace       used 101922K, committed 103168K, reserved 1138688K
  class space    used 14162K, committed 14784K, reserved 1048576K
}
Event: 118.010 GC heap after
{Heap after GC invocations=57 (full 0):
 garbage-first heap   total 260096K, used 186904K [0x00000000a0000000, 0x0000000100000000)
  region size 1024K, 3 young (3072K), 3 survivors (3072K)
 Metaspace       used 101922K, committed 103168K, reserved 1138688K
  class space    used 14162K, committed 14784K, reserved 1048576K
}
Event: 118.245 GC heap before
{Heap before GC invocations=57 (full 0):
 garbage-first heap   total 260096K, used 222744K [0x00000000a0000000, 0x0000000100000000)
  region size 1024K, 38 young (38912K), 3 survivors (3072K)
 Metaspace       used 101983K, committed 103296K, reserved 1138688K
  class space    used 14165K, committed 14784K, reserved 1048576K
}
Event: 118.253 GC heap after
{Heap after GC invocations=58 (full 0):
 garbage-first heap   total 260096K, used 190619K [0x00000000a0000000, 0x0000000100000000)
  region size 1024K, 4 young (4096K), 4 survivors (4096K)
 Metaspace       used 101983K, committed 103296K, reserved 1138688K
  class space    used 14165K, committed 14784K, reserved 1048576K
}
Event: 118.451 GC heap before
{Heap before GC invocations=58 (full 0):
 garbage-first heap   total 260096K, used 222363K [0x00000000a0000000, 0x0000000100000000)
  region size 1024K, 35 young (35840K), 4 survivors (4096K)
 Metaspace       used 102042K, committed 103360K, reserved 1138688K
  class space    used 14172K, committed 14784K, reserved 1048576K
}
Event: 118.459 GC heap after
{Heap after GC invocations=59 (full 0):
 garbage-first heap   total 260096K, used 193546K [0x00000000a0000000, 0x0000000100000000)
  region size 1024K, 4 young (4096K), 4 survivors (4096K)
 Metaspace       used 102042K, committed 103360K, reserved 1138688K
  class space    used 14172K, committed 14784K, reserved 1048576K
}
Event: 118.686 GC heap before
{Heap before GC invocations=59 (full 0):
 garbage-first heap   total 260096K, used 223242K [0x00000000a0000000, 0x0000000100000000)
  region size 1024K, 33 young (33792K), 4 survivors (4096K)
 Metaspace       used 102127K, committed 103424K, reserved 1138688K
  class space    used 14174K, committed 14784K, reserved 1048576K
}
Event: 118.694 GC heap after
{Heap after GC invocations=60 (full 0):
 garbage-first heap   total 260096K, used 196054K [0x00000000a0000000, 0x0000000100000000)
  region size 1024K, 4 young (4096K), 4 survivors (4096K)
 Metaspace       used 102127K, committed 103424K, reserved 1138688K
  class space    used 14174K, committed 14784K, reserved 1048576K
}
Event: 118.906 GC heap before
{Heap before GC invocations=60 (full 0):
 garbage-first heap   total 260096K, used 221654K [0x00000000a0000000, 0x0000000100000000)
  region size 1024K, 30 young (30720K), 4 survivors (4096K)
 Metaspace       used 102130K, committed 103424K, reserved 1138688K
  class space    used 14175K, committed 14784K, reserved 1048576K
}
Event: 118.913 GC heap after
{Heap after GC invocations=61 (full 0):
 garbage-first heap   total 312320K, used 197674K [0x00000000a0000000, 0x0000000100000000)
  region size 1024K, 3 young (3072K), 3 survivors (3072K)
 Metaspace       used 102130K, committed 103424K, reserved 1138688K
  class space    used 14175K, committed 14784K, reserved 1048576K
}
Event: 119.959 GC heap before
{Heap before GC invocations=61 (full 0):
 garbage-first heap   total 312320K, used 265258K [0x00000000a0000000, 0x0000000100000000)
  region size 1024K, 69 young (70656K), 3 survivors (3072K)
 Metaspace       used 102359K, committed 103616K, reserved 1138688K
  class space    used 14193K, committed 14784K, reserved 1048576K
}
Event: 119.977 GC heap after
{Heap after GC invocations=62 (full 0):
 garbage-first heap   total 312320K, used 207033K [0x00000000a0000000, 0x0000000100000000)
  region size 1024K, 9 young (9216K), 9 survivors (9216K)
 Metaspace       used 102359K, committed 103616K, reserved 1138688K
  class space    used 14193K, committed 14784K, reserved 1048576K
}
Event: 1157.665 GC heap before
{Heap before GC invocations=62 (full 0):
 garbage-first heap   total 312320K, used 263353K [0x00000000a0000000, 0x0000000100000000)
  region size 1024K, 64 young (65536K), 9 survivors (9216K)
 Metaspace       used 102538K, committed 103872K, reserved 1138688K
  class space    used 14201K, committed 14848K, reserved 1048576K
}
Event: 1157.717 GC heap after
{Heap after GC invocations=63 (full 0):
 garbage-first heap   total 312320K, used 212486K [0x00000000a0000000, 0x0000000100000000)
  region size 1024K, 6 young (6144K), 6 survivors (6144K)
 Metaspace       used 102538K, committed 103872K, reserved 1138688K
  class space    used 14201K, committed 14848K, reserved 1048576K
}
Event: 2838.474 GC heap before
{Heap before GC invocations=63 (full 0):
 garbage-first heap   total 312320K, used 262662K [0x00000000a0000000, 0x0000000100000000)
  region size 1024K, 56 young (57344K), 6 survivors (6144K)
 Metaspace       used 102735K, committed 104064K, reserved 1138688K
  class space    used 14202K, committed 14848K, reserved 1048576K
}
Event: 2838.578 GC heap after
{Heap after GC invocations=64 (full 0):
 garbage-first heap   total 312320K, used 216383K [0x00000000a0000000, 0x0000000100000000)
  region size 1024K, 4 young (4096K), 4 survivors (4096K)
 Metaspace       used 102735K, committed 104064K, reserved 1138688K
  class space    used 14202K, committed 14848K, reserved 1048576K
}

