# JRE version: OpenJDK Runtime Environment Temurin-21.0.10+7 (21.0.10+7) (build 21.0.10+7-LTS)
# Java VM: OpenJDK 64-Bit Server VM Temurin-21.0.10+7 (21.0.10+7-LTS, mixed mode, sharing, tiered, compressed oops, compressed class ptrs, g1 gc, windows-amd64)
GC Precious Log:
 CardTable entry size: 512
 Card Set container configuration: InlinePtr #cards 5 size 8 Array Of Cards #cards 12 size 40 Howl #buckets 4 coarsen threshold 1843 Howl Bitmap #cards 512 size 80 coarsen threshold 460 Card regions per heap region 1 cards per card region 2048
 CPUs: 8 total, 8 available
 Memory: 16141M
 Large Page Support: Disabled
 NUMA Support: Disabled
 Compressed Oops: Enabled (32-bit)
 Heap Region Size: 1M
 Heap Min Capacity: 8M
 Heap Initial Capacity: 254M
 Heap Max Capacity: 1536M
 Pre-touch: Disabled
 Parallel Workers: 8
 Concurrent Workers: 2
 Concurrent Refinement Workers: 8
 Periodic GC: Disabled
Heap:
 garbage-first heap   total 143360K, used 99788K [0x00000000a0000000, 0x0000000100000000)
  region size 1024K, 7 young (7168K), 6 survivors (6144K)
 Metaspace       used 78717K, committed 80960K, reserved 1179648K
  class space    used 11180K, committed 12288K, reserved 1048576K
GC Heap History (20 events):
Event: 39.560 GC heap before
{Heap before GC invocations=22 (full 0):
 garbage-first heap   total 111616K, used 102268K [0x00000000a0000000, 0x0000000100000000)
  region size 1024K, 32 young (32768K), 2 survivors (2048K)
 Metaspace       used 65123K, committed 67072K, reserved 1114112K
  class space    used 9179K, committed 10176K, reserved 1048576K
}
Event: 39.566 GC heap after
{Heap after GC invocations=23 (full 0):
 garbage-first heap   total 111616K, used 73728K [0x00000000a0000000, 0x0000000100000000)
  region size 1024K, 4 young (4096K), 4 survivors (4096K)
 Metaspace       used 65123K, committed 67072K, reserved 1114112K
  class space    used 9179K, committed 10176K, reserved 1048576K
}
Event: 41.535 GC heap before
{Heap before GC invocations=24 (full 0):
 garbage-first heap   total 122880K, used 102400K [0x00000000a0000000, 0x0000000100000000)
  region size 1024K, 33 young (33792K), 4 survivors (4096K)
 Metaspace       used 66426K, committed 68416K, reserved 1114112K
  class space    used 9333K, committed 10304K, reserved 1048576K
}
Event: 41.543 GC heap after
{Heap after GC invocations=25 (full 0):
 garbage-first heap   total 122880K, used 76539K [0x00000000a0000000, 0x0000000100000000)
  region size 1024K, 5 young (5120K), 5 survivors (5120K)
 Metaspace       used 66426K, committed 68416K, reserved 1114112K
  class space    used 9333K, committed 10304K, reserved 1048576K
}
Event: 43.223 GC heap before
{Heap before GC invocations=25 (full 0):
 garbage-first heap   total 122880K, used 111355K [0x00000000a0000000, 0x0000000100000000)
  region size 1024K, 39 young (39936K), 5 survivors (5120K)
 Metaspace       used 68934K, committed 70976K, reserved 1114112K
  class space    used 9683K, committed 10688K, reserved 1048576K
}
Event: 43.234 GC heap after
{Heap after GC invocations=26 (full 0):
 garbage-first heap   total 122880K, used 78087K [0x00000000a0000000, 0x0000000100000000)
  region size 1024K, 3 young (3072K), 3 survivors (3072K)
 Metaspace       used 68934K, committed 70976K, reserved 1114112K
  class space    used 9683K, committed 10688K, reserved 1048576K
}
Event: 43.670 GC heap before
{Heap before GC invocations=26 (full 0):
 garbage-first heap   total 122880K, used 89351K [0x00000000a0000000, 0x0000000100000000)
  region size 1024K, 15 young (15360K), 3 survivors (3072K)
 Metaspace       used 69900K, committed 71936K, reserved 1114112K
  class space    used 9818K, committed 10816K, reserved 1048576K
}
Event: 43.674 GC heap after
{Heap after GC invocations=27 (full 0):
 garbage-first heap   total 122880K, used 78649K [0x00000000a0000000, 0x0000000100000000)
  region size 1024K, 3 young (3072K), 3 survivors (3072K)
 Metaspace       used 69900K, committed 71936K, reserved 1114112K
  class space    used 9818K, committed 10816K, reserved 1048576K
}
Event: 45.202 GC heap before
{Heap before GC invocations=28 (full 0):
 garbage-first heap   total 135168K, used 113465K [0x00000000a0000000, 0x0000000100000000)
  region size 1024K, 36 young (36864K), 3 survivors (3072K)
 Metaspace       used 72776K, committed 74816K, reserved 1114112K
  class space    used 10324K, committed 11328K, reserved 1048576K
}
Event: 45.208 GC heap after
{Heap after GC invocations=29 (full 0):
 garbage-first heap   total 135168K, used 79280K [0x00000000a0000000, 0x0000000100000000)
  region size 1024K, 4 young (4096K), 4 survivors (4096K)
 Metaspace       used 72776K, committed 74816K, reserved 1114112K
  class space    used 10324K, committed 11328K, reserved 1048576K
}
Event: 47.066 GC heap before
{Heap before GC invocations=29 (full 0):
 garbage-first heap   total 135168K, used 123312K [0x00000000a0000000, 0x0000000100000000)
  region size 1024K, 47 young (48128K), 4 survivors (4096K)
 Metaspace       used 76287K, committed 78464K, reserved 1179648K
  class space    used 10855K, committed 11904K, reserved 1048576K
}
Event: 47.077 GC heap after
{Heap after GC invocations=30 (full 0):
 garbage-first heap   total 135168K, used 81505K [0x00000000a0000000, 0x0000000100000000)
  region size 1024K, 5 young (5120K), 5 survivors (5120K)
 Metaspace       used 76287K, committed 78464K, reserved 1179648K
  class space    used 10855K, committed 11904K, reserved 1048576K
}
Event: 49.685 GC heap before
{Heap before GC invocations=30 (full 0):
 garbage-first heap   total 135168K, used 123489K [0x00000000a0000000, 0x0000000100000000)
  region size 1024K, 47 young (48128K), 5 survivors (5120K)
 Metaspace       used 76517K, committed 78720K, reserved 1179648K
  class space    used 10858K, committed 11904K, reserved 1048576K
}
Event: 49.699 GC heap after
{Heap after GC invocations=31 (full 0):
 garbage-first heap   total 135168K, used 85181K [0x00000000a0000000, 0x0000000100000000)
  region size 1024K, 6 young (6144K), 6 survivors (6144K)
 Metaspace       used 76517K, committed 78720K, reserved 1179648K
  class space    used 10858K, committed 11904K, reserved 1048576K
}
Event: 51.459 GC heap before
{Heap before GC invocations=32 (full 0):
 garbage-first heap   total 143360K, used 127165K [0x00000000a0000000, 0x0000000100000000)
  region size 1024K, 45 young (46080K), 6 survivors (6144K)
 Metaspace       used 76562K, committed 78720K, reserved 1179648K
  class space    used 10863K, committed 11904K, reserved 1048576K
}
Event: 51.468 GC heap after
{Heap after GC invocations=33 (full 0):
 garbage-first heap   total 143360K, used 91036K [0x00000000a0000000, 0x0000000100000000)
  region size 1024K, 5 young (5120K), 5 survivors (5120K)
 Metaspace       used 76562K, committed 78720K, reserved 1179648K
  class space    used 10863K, committed 11904K, reserved 1048576K
}
Event: 53.389 GC heap before
{Heap before GC invocations=33 (full 0):
 garbage-first heap   total 143360K, used 131996K [0x00000000a0000000, 0x0000000100000000)
  region size 1024K, 45 young (46080K), 5 survivors (5120K)
 Metaspace       used 78064K, committed 80256K, reserved 1179648K
  class space    used 11124K, committed 12224K, reserved 1048576K
}
Event: 53.402 GC heap after
{Heap after GC invocations=34 (full 0):
 garbage-first heap   total 143360K, used 94340K [0x00000000a0000000, 0x0000000100000000)
  region size 1024K, 5 young (5120K), 5 survivors (5120K)
 Metaspace       used 78064K, committed 80256K, reserved 1179648K
  class space    used 11124K, committed 12224K, reserved 1048576K
}
Event: 56.591 GC heap before
{Heap before GC invocations=34 (full 0):
 garbage-first heap   total 143360K, used 131204K [0x00000000a0000000, 0x0000000100000000)
  region size 1024K, 41 young (41984K), 5 survivors (5120K)
 Metaspace       used 78710K, committed 80960K, reserved 1179648K
  class space    used 11180K, committed 12288K, reserved 1048576K
}
Event: 56.606 GC heap after
{Heap after GC invocations=35 (full 0):
 garbage-first heap   total 143360K, used 99788K [0x00000000a0000000, 0x0000000100000000)
  region size 1024K, 6 young (6144K), 6 survivors (6144K)
 Metaspace       used 78710K, committed 80960K, reserved 1179648K
  class space    used 11180K, committed 12288K, reserved 1048576K
}

