# JRE version: OpenJDK Runtime Environment Temurin-21.0.10+7 (21.0.10+7) (build 21.0.10+7-LTS)
# Java VM: OpenJDK 64-Bit Server VM Temurin-21.0.10+7 (21.0.10+7-LTS, mixed mode, sharing, tiered, compressed oops, compressed class ptrs, parallel gc, windows-amd64)
GC Precious Log:
 CardTable entry size: 512
 CPUs: 8 total, 8 available
 Memory: 16141M
 Large Page Support: Disabled
 NUMA Support: Disabled
 Compressed Oops: Enabled (32-bit)
 Alignments: Space 512K, Generation 512K, Heap 2M
 Heap Min Capacity: 100M
 Heap Initial Capacity: 100M
 Heap Max Capacity: 2G
 Pre-touch: Disabled
 Parallel Workers: 8
Heap:
 PSYoungGen      total 17920K, used 12677K [0x00000000d5580000, 0x00000000d6880000, 0x0000000100000000)
  eden space 17408K, 69% used [0x00000000d5580000,0x00000000d61632e0,0x00000000d6680000)
  from space 512K, 98% used [0x00000000d6780000,0x00000000d67fe1a8,0x00000000d6800000)
  to   space 512K, 0% used [0x00000000d6800000,0x00000000d6800000,0x00000000d6880000)
 ParOldGen       total 68608K, used 43269K [0x0000000080000000, 0x0000000084300000, 0x00000000d5580000)
  object space 68608K, 63% used [0x0000000080000000,0x0000000082a415b0,0x0000000084300000)
 Metaspace       used 66208K, committed 67712K, reserved 1114112K
  class space    used 8353K, committed 9024K, reserved 1048576K
GC Heap History (20 events):
Event: 29.440 GC heap before
{Heap before GC invocations=49 (full 3):
 PSYoungGen      total 18944K, used 18924K [0x00000000d5580000, 0x00000000d6a00000, 0x0000000100000000)
  eden space 17920K, 100% used [0x00000000d5580000,0x00000000d6700000,0x00000000d6700000)
  from space 1024K, 98% used [0x00000000d6700000,0x00000000d67fb380,0x00000000d6800000)
  to   space 1536K, 0% used [0x00000000d6880000,0x00000000d6880000,0x00000000d6a00000)
 ParOldGen       total 68608K, used 40635K [0x0000000080000000, 0x0000000084300000, 0x00000000d5580000)
  object space 68608K, 59% used [0x0000000080000000,0x00000000827aed38,0x0000000084300000)
 Metaspace       used 60382K, committed 61760K, reserved 1114112K
  class space    used 7593K, committed 8192K, reserved 1048576K
}
Event: 29.441 GC heap after
{Heap after GC invocations=49 (full 3):
 PSYoungGen      total 18944K, used 824K [0x00000000d5580000, 0x00000000d6980000, 0x0000000100000000)
  eden space 17920K, 0% used [0x00000000d5580000,0x00000000d5580000,0x00000000d6700000)
  from space 1024K, 80% used [0x00000000d6880000,0x00000000d694e2c0,0x00000000d6980000)
  to   space 1024K, 0% used [0x00000000d6700000,0x00000000d6700000,0x00000000d6800000)
 ParOldGen       total 68608K, used 40667K [0x0000000080000000, 0x0000000084300000, 0x00000000d5580000)
  object space 68608K, 59% used [0x0000000080000000,0x00000000827b6d38,0x0000000084300000)
 Metaspace       used 60382K, committed 61760K, reserved 1114112K
  class space    used 7593K, committed 8192K, reserved 1048576K
}
Event: 29.705 GC heap before
{Heap before GC invocations=50 (full 3):
 PSYoungGen      total 18944K, used 18744K [0x00000000d5580000, 0x00000000d6980000, 0x0000000100000000)
  eden space 17920K, 100% used [0x00000000d5580000,0x00000000d6700000,0x00000000d6700000)
  from space 1024K, 80% used [0x00000000d6880000,0x00000000d694e2c0,0x00000000d6980000)
  to   space 1024K, 0% used [0x00000000d6700000,0x00000000d6700000,0x00000000d6800000)
 ParOldGen       total 68608K, used 40667K [0x0000000080000000, 0x0000000084300000, 0x00000000d5580000)
  object space 68608K, 59% used [0x0000000080000000,0x00000000827b6d58,0x0000000084300000)
 Metaspace       used 60382K, committed 61760K, reserved 1114112K
  class space    used 7593K, committed 8192K, reserved 1048576K
}
Event: 29.706 GC heap after
{Heap after GC invocations=50 (full 3):
 PSYoungGen      total 18944K, used 224K [0x00000000d5580000, 0x00000000d6900000, 0x0000000100000000)
  eden space 17920K, 0% used [0x00000000d5580000,0x00000000d5580000,0x00000000d6700000)
  from space 1024K, 21% used [0x00000000d6700000,0x00000000d6738000,0x00000000d6800000)
  to   space 512K, 0% used [0x00000000d6880000,0x00000000d6880000,0x00000000d6900000)
 ParOldGen       total 68608K, used 40707K [0x0000000080000000, 0x0000000084300000, 0x00000000d5580000)
  object space 68608K, 59% used [0x0000000080000000,0x00000000827c0d58,0x0000000084300000)
 Metaspace       used 60382K, committed 61760K, reserved 1114112K
  class space    used 7593K, committed 8192K, reserved 1048576K
}
Event: 30.006 GC heap before
{Heap before GC invocations=51 (full 3):
 PSYoungGen      total 18944K, used 18144K [0x00000000d5580000, 0x00000000d6900000, 0x0000000100000000)
  eden space 17920K, 100% used [0x00000000d5580000,0x00000000d6700000,0x00000000d6700000)
  from space 1024K, 21% used [0x00000000d6700000,0x00000000d6738000,0x00000000d6800000)
  to   space 512K, 0% used [0x00000000d6880000,0x00000000d6880000,0x00000000d6900000)
 ParOldGen       total 68608K, used 40715K [0x0000000080000000, 0x0000000084300000, 0x00000000d5580000)
  object space 68608K, 59% used [0x0000000080000000,0x00000000827c2e38,0x0000000084300000)
 Metaspace       used 60382K, committed 61760K, reserved 1114112K
  class space    used 7593K, committed 8192K, reserved 1048576K
}
Event: 30.007 GC heap after
{Heap after GC invocations=51 (full 3):
 PSYoungGen      total 18432K, used 192K [0x00000000d5580000, 0x00000000d6900000, 0x0000000100000000)
  eden space 17920K, 0% used [0x00000000d5580000,0x00000000d5580000,0x00000000d6700000)
  from space 512K, 37% used [0x00000000d6880000,0x00000000d68b0000,0x00000000d6900000)
  to   space 512K, 0% used [0x00000000d6800000,0x00000000d6800000,0x00000000d6880000)
 ParOldGen       total 68608K, used 40813K [0x0000000080000000, 0x0000000084300000, 0x00000000d5580000)
  object space 68608K, 59% used [0x0000000080000000,0x00000000827db400,0x0000000084300000)
 Metaspace       used 60382K, committed 61760K, reserved 1114112K
  class space    used 7593K, committed 8192K, reserved 1048576K
}
Event: 30.661 GC heap before
{Heap before GC invocations=52 (full 3):
 PSYoungGen      total 18432K, used 18112K [0x00000000d5580000, 0x00000000d6900000, 0x0000000100000000)
  eden space 17920K, 100% used [0x00000000d5580000,0x00000000d6700000,0x00000000d6700000)
  from space 512K, 37% used [0x00000000d6880000,0x00000000d68b0000,0x00000000d6900000)
  to   space 512K, 0% used [0x00000000d6800000,0x00000000d6800000,0x00000000d6880000)
 ParOldGen       total 68608K, used 40813K [0x0000000080000000, 0x0000000084300000, 0x00000000d5580000)
  object space 68608K, 59% used [0x0000000080000000,0x00000000827db400,0x0000000084300000)
 Metaspace       used 62199K, committed 63616K, reserved 1114112K
  class space    used 7884K, committed 8512K, reserved 1048576K
}
Event: 30.663 GC heap after
{Heap after GC invocations=52 (full 3):
 PSYoungGen      total 18432K, used 480K [0x00000000d5580000, 0x00000000d6900000, 0x0000000100000000)
  eden space 17920K, 0% used [0x00000000d5580000,0x00000000d5580000,0x00000000d6700000)
  from space 512K, 93% used [0x00000000d6800000,0x00000000d6878010,0x00000000d6880000)
  to   space 512K, 0% used [0x00000000d6880000,0x00000000d6880000,0x00000000d6900000)
 ParOldGen       total 68608K, used 41040K [0x0000000080000000, 0x0000000084300000, 0x00000000d5580000)
  object space 68608K, 59% used [0x0000000080000000,0x00000000828143c0,0x0000000084300000)
 Metaspace       used 62199K, committed 63616K, reserved 1114112K
  class space    used 7884K, committed 8512K, reserved 1048576K
}
Event: 38.130 GC heap before
{Heap before GC invocations=53 (full 3):
 PSYoungGen      total 18432K, used 18400K [0x00000000d5580000, 0x00000000d6900000, 0x0000000100000000)
  eden space 17920K, 100% used [0x00000000d5580000,0x00000000d6700000,0x00000000d6700000)
  from space 512K, 93% used [0x00000000d6800000,0x00000000d6878010,0x00000000d6880000)
  to   space 512K, 0% used [0x00000000d6880000,0x00000000d6880000,0x00000000d6900000)
 ParOldGen       total 68608K, used 41040K [0x0000000080000000, 0x0000000084300000, 0x00000000d5580000)
  object space 68608K, 59% used [0x0000000080000000,0x00000000828143c0,0x0000000084300000)
 Metaspace       used 63720K, committed 65152K, reserved 1114112K
  class space    used 8058K, committed 8704K, reserved 1048576K
}
Event: 38.226 GC heap after
{Heap after GC invocations=53 (full 3):
 PSYoungGen      total 17920K, used 480K [0x00000000d5580000, 0x00000000d6b00000, 0x0000000100000000)
  eden space 17408K, 0% used [0x00000000d5580000,0x00000000d5580000,0x00000000d6680000)
  from space 512K, 93% used [0x00000000d6880000,0x00000000d68f8010,0x00000000d6900000)
  to   space 2048K, 0% used [0x00000000d6680000,0x00000000d6680000,0x00000000d6880000)
 ParOldGen       total 68608K, used 42198K [0x0000000080000000, 0x0000000084300000, 0x00000000d5580000)
  object space 68608K, 61% used [0x0000000080000000,0x0000000082935810,0x0000000084300000)
 Metaspace       used 63720K, committed 65152K, reserved 1114112K
  class space    used 8058K, committed 8704K, reserved 1048576K
}
Event: 40.387 GC heap before
{Heap before GC invocations=54 (full 3):
 PSYoungGen      total 17920K, used 17888K [0x00000000d5580000, 0x00000000d6b00000, 0x0000000100000000)
  eden space 17408K, 100% used [0x00000000d5580000,0x00000000d6680000,0x00000000d6680000)
  from space 512K, 93% used [0x00000000d6880000,0x00000000d68f8010,0x00000000d6900000)
  to   space 2048K, 0% used [0x00000000d6680000,0x00000000d6680000,0x00000000d6880000)
 ParOldGen       total 68608K, used 42198K [0x0000000080000000, 0x0000000084300000, 0x00000000d5580000)
  object space 68608K, 61% used [0x0000000080000000,0x0000000082935810,0x0000000084300000)
 Metaspace       used 64747K, committed 66240K, reserved 1114112K
  class space    used 8189K, committed 8832K, reserved 1048576K
}
Event: 40.390 GC heap after
{Heap after GC invocations=54 (full 3):
 PSYoungGen      total 18432K, used 544K [0x00000000d5580000, 0x00000000d6900000, 0x0000000100000000)
  eden space 17408K, 0% used [0x00000000d5580000,0x00000000d5580000,0x00000000d6680000)
  from space 1024K, 53% used [0x00000000d6680000,0x00000000d6708000,0x00000000d6780000)
  to   space 1024K, 0% used [0x00000000d6800000,0x00000000d6800000,0x00000000d6900000)
 ParOldGen       total 68608K, used 42706K [0x0000000080000000, 0x0000000084300000, 0x00000000d5580000)
  object space 68608K, 62% used [0x0000000080000000,0x00000000829b4978,0x0000000084300000)
 Metaspace       used 64747K, committed 66240K, reserved 1114112K
  class space    used 8189K, committed 8832K, reserved 1048576K
}
Event: 71.464 GC heap before
{Heap before GC invocations=55 (full 3):
 PSYoungGen      total 18432K, used 17952K [0x00000000d5580000, 0x00000000d6900000, 0x0000000100000000)
  eden space 17408K, 100% used [0x00000000d5580000,0x00000000d6680000,0x00000000d6680000)
  from space 1024K, 53% used [0x00000000d6680000,0x00000000d6708000,0x00000000d6780000)
  to   space 1024K, 0% used [0x00000000d6800000,0x00000000d6800000,0x00000000d6900000)
 ParOldGen       total 68608K, used 42706K [0x0000000080000000, 0x0000000084300000, 0x00000000d5580000)
  object space 68608K, 62% used [0x0000000080000000,0x00000000829b4978,0x0000000084300000)
 Metaspace       used 65003K, committed 66432K, reserved 1114112K
  class space    used 8205K, committed 8832K, reserved 1048576K
}
Event: 71.471 GC heap after
{Heap after GC invocations=55 (full 3):
 PSYoungGen      total 17920K, used 272K [0x00000000d5580000, 0x00000000d6880000, 0x0000000100000000)
  eden space 17408K, 0% used [0x00000000d5580000,0x00000000d5580000,0x00000000d6680000)
  from space 512K, 53% used [0x00000000d6800000,0x00000000d6844010,0x00000000d6880000)
  to   space 512K, 0% used [0x00000000d6780000,0x00000000d6780000,0x00000000d6800000)
 ParOldGen       total 68608K, used 43029K [0x0000000080000000, 0x0000000084300000, 0x00000000d5580000)
  object space 68608K, 62% used [0x0000000080000000,0x0000000082a05570,0x0000000084300000)
 Metaspace       used 65003K, committed 66432K, reserved 1114112K
  class space    used 8205K, committed 8832K, reserved 1048576K
}
Event: 74.295 GC heap before
{Heap before GC invocations=56 (full 3):
 PSYoungGen      total 17920K, used 17680K [0x00000000d5580000, 0x00000000d6880000, 0x0000000100000000)
  eden space 17408K, 100% used [0x00000000d5580000,0x00000000d6680000,0x00000000d6680000)
  from space 512K, 53% used [0x00000000d6800000,0x00000000d6844010,0x00000000d6880000)
  to   space 512K, 0% used [0x00000000d6780000,0x00000000d6780000,0x00000000d6800000)
 ParOldGen       total 68608K, used 43029K [0x0000000080000000, 0x0000000084300000, 0x00000000d5580000)
  object space 68608K, 62% used [0x0000000080000000,0x0000000082a05570,0x0000000084300000)
 Metaspace       used 65003K, committed 66432K, reserved 1114112K
  class space    used 8205K, committed 8832K, reserved 1048576K
}
Event: 74.297 GC heap after
{Heap after GC invocations=56 (full 3):
 PSYoungGen      total 17920K, used 160K [0x00000000d5580000, 0x00000000d6880000, 0x0000000100000000)
  eden space 17408K, 0% used [0x00000000d5580000,0x00000000d5580000,0x00000000d6680000)
  from space 512K, 31% used [0x00000000d6780000,0x00000000d67a8000,0x00000000d6800000)
  to   space 512K, 0% used [0x00000000d6800000,0x00000000d6800000,0x00000000d6880000)
 ParOldGen       total 68608K, used 43125K [0x0000000080000000, 0x0000000084300000, 0x00000000d5580000)
  object space 68608K, 62% used [0x0000000080000000,0x0000000082a1d5b0,0x0000000084300000)
 Metaspace       used 65003K, committed 66432K, reserved 1114112K
  class space    used 8205K, committed 8832K, reserved 1048576K
}
Event: 81.267 GC heap before
{Heap before GC invocations=57 (full 3):
 PSYoungGen      total 17920K, used 17568K [0x00000000d5580000, 0x00000000d6880000, 0x0000000100000000)
  eden space 17408K, 100% used [0x00000000d5580000,0x00000000d6680000,0x00000000d6680000)
  from space 512K, 31% used [0x00000000d6780000,0x00000000d67a8000,0x00000000d6800000)
  to   space 512K, 0% used [0x00000000d6800000,0x00000000d6800000,0x00000000d6880000)
 ParOldGen       total 68608K, used 43125K [0x0000000080000000, 0x0000000084300000, 0x00000000d5580000)
  object space 68608K, 62% used [0x0000000080000000,0x0000000082a1d5b0,0x0000000084300000)
 Metaspace       used 65066K, committed 66560K, reserved 1114112K
  class space    used 8212K, committed 8896K, reserved 1048576K
}
Event: 81.268 GC heap after
{Heap after GC invocations=57 (full 3):
 PSYoungGen      total 17920K, used 288K [0x00000000d5580000, 0x00000000d6880000, 0x0000000100000000)
  eden space 17408K, 0% used [0x00000000d5580000,0x00000000d5580000,0x00000000d6680000)
  from space 512K, 56% used [0x00000000d6800000,0x00000000d6848000,0x00000000d6880000)
  to   space 512K, 0% used [0x00000000d6780000,0x00000000d6780000,0x00000000d6800000)
 ParOldGen       total 68608K, used 43149K [0x0000000080000000, 0x0000000084300000, 0x00000000d5580000)
  object space 68608K, 62% used [0x0000000080000000,0x0000000082a235b0,0x0000000084300000)
 Metaspace       used 65066K, committed 66560K, reserved 1114112K
  class space    used 8212K, committed 8896K, reserved 1048576K
}
Event: 100.588 GC heap before
{Heap before GC invocations=58 (full 3):
 PSYoungGen      total 17920K, used 17696K [0x00000000d5580000, 0x00000000d6880000, 0x0000000100000000)
  eden space 17408K, 100% used [0x00000000d5580000,0x00000000d6680000,0x00000000d6680000)
  from space 512K, 56% used [0x00000000d6800000,0x00000000d6848000,0x00000000d6880000)
  to   space 512K, 0% used [0x00000000d6780000,0x00000000d6780000,0x00000000d6800000)
 ParOldGen       total 68608K, used 43149K [0x0000000080000000, 0x0000000084300000, 0x00000000d5580000)
  object space 68608K, 62% used [0x0000000080000000,0x0000000082a235b0,0x0000000084300000)
 Metaspace       used 65885K, committed 67392K, reserved 1114112K
  class space    used 8304K, committed 8960K, reserved 1048576K
}
Event: 100.590 GC heap after
{Heap after GC invocations=58 (full 3):
 PSYoungGen      total 17920K, used 504K [0x00000000d5580000, 0x00000000d6880000, 0x0000000100000000)
  eden space 17408K, 0% used [0x00000000d5580000,0x00000000d5580000,0x00000000d6680000)
  from space 512K, 98% used [0x00000000d6780000,0x00000000d67fe1a8,0x00000000d6800000)
  to   space 512K, 0% used [0x00000000d6800000,0x00000000d6800000,0x00000000d6880000)
 ParOldGen       total 68608K, used 43269K [0x0000000080000000, 0x0000000084300000, 0x00000000d5580000)
  object space 68608K, 63% used [0x0000000080000000,0x0000000082a415b0,0x0000000084300000)
 Metaspace       used 65885K, committed 67392K, reserved 1114112K
  class space    used 8304K, committed 8960K, reserved 1048576K
}

