# JRE version: OpenJDK Runtime Environment Temurin-21.0.10+7 (21.0.10+7) (build 21.0.10+7-LTS)
# Java VM: OpenJDK 64-Bit Server VM Temurin-21.0.10+7 (21.0.10+7-LTS, mixed mode, sharing, tiered, compressed oops, compressed class ptrs, g1 gc, windows-amd64)
GC Precious Log:
 CardTable entry size: 512
 Card Set container configuration: InlinePtr #cards 5 size 8 Array Of Cards #cards 12 size 40 Howl #buckets 4 coarsen threshold 1843 Howl Bitmap #cards 512 size 80 coarsen threshold 460 Card regions per heap region 1 cards per card region 2048
 CPUs: 8 total, 8 available
 Memory: 16141M
 Large Page Support: Disabled
 NUMA Support: Disabled
 Compressed Oops: Enabled (32-bit)
 Heap Region Size: 1M
 Heap Min Capacity: 8M
 Heap Initial Capacity: 254M
 Heap Max Capacity: 1536M
 Pre-touch: Disabled
 Parallel Workers: 8
 Concurrent Workers: 2
 Concurrent Refinement Workers: 8
 Periodic GC: Disabled
Heap:
 garbage-first heap   total 86016K, used 32617K [0x00000000a0000000, 0x0000000100000000)
  region size 1024K, 1 young (1024K), 1 survivors (1024K)
 Metaspace       used 32410K, committed 33408K, reserved 1114112K
  class space    used 4624K, committed 5120K, reserved 1048576K
GC Heap History (17 events):
Event: 0.822 GC heap before
{Heap before GC invocations=0 (full 0):
 garbage-first heap   total 260096K, used 23552K [0x00000000a0000000, 0x0000000100000000)
  region size 1024K, 23 young (23552K), 0 survivors (0K)
 Metaspace       used 909K, committed 1024K, reserved 1114112K
  class space    used 73K, committed 128K, reserved 1048576K
}
Event: 0.831 GC heap after
{Heap after GC invocations=1 (full 0):
 garbage-first heap   total 260096K, used 1493K [0x00000000a0000000, 0x0000000100000000)
  region size 1024K, 2 young (2048K), 2 survivors (2048K)
 Metaspace       used 909K, committed 1024K, reserved 1114112K
  class space    used 73K, committed 128K, reserved 1048576K
}
Event: 2.354 GC heap before
{Heap before GC invocations=1 (full 0):
 garbage-first heap   total 260096K, used 40405K [0x00000000a0000000, 0x0000000100000000)
  region size 1024K, 38 young (38912K), 2 survivors (2048K)
 Metaspace       used 4397K, committed 4544K, reserved 1114112K
  class space    used 557K, committed 640K, reserved 1048576K
}
Event: 2.361 GC heap after
{Heap after GC invocations=2 (full 0):
 garbage-first heap   total 260096K, used 10800K [0x00000000a0000000, 0x0000000100000000)
  region size 1024K, 5 young (5120K), 5 survivors (5120K)
 Metaspace       used 4397K, committed 4544K, reserved 1114112K
  class space    used 557K, committed 640K, reserved 1048576K
}
Event: 4.568 GC heap before
{Heap before GC invocations=2 (full 0):
 garbage-first heap   total 260096K, used 71216K [0x00000000a0000000, 0x0000000100000000)
  region size 1024K, 62 young (63488K), 5 survivors (5120K)
 Metaspace       used 7069K, committed 7360K, reserved 1114112K
  class space    used 964K, committed 1152K, reserved 1048576K
}
Event: 4.578 GC heap after
{Heap after GC invocations=3 (full 0):
 garbage-first heap   total 260096K, used 18184K [0x00000000a0000000, 0x0000000100000000)
  region size 1024K, 7 young (7168K), 7 survivors (7168K)
 Metaspace       used 7069K, committed 7360K, reserved 1114112K
  class space    used 964K, committed 1152K, reserved 1048576K
}
Event: 10.951 GC heap before
{Heap before GC invocations=3 (full 0):
 garbage-first heap   total 260096K, used 104200K [0x00000000a0000000, 0x0000000100000000)
  region size 1024K, 92 young (94208K), 7 survivors (7168K)
 Metaspace       used 20890K, committed 21504K, reserved 1114112K
  class space    used 3087K, committed 3392K, reserved 1048576K
}
Event: 10.964 GC heap after
{Heap after GC invocations=4 (full 0):
 garbage-first heap   total 260096K, used 24451K [0x00000000a0000000, 0x0000000100000000)
  region size 1024K, 13 young (13312K), 13 survivors (13312K)
 Metaspace       used 20890K, committed 21504K, reserved 1114112K
  class space    used 3087K, committed 3392K, reserved 1048576K
}
Event: 12.640 GC heap before
{Heap before GC invocations=5 (full 0):
 garbage-first heap   total 86016K, used 62339K [0x00000000a0000000, 0x0000000100000000)
  region size 1024K, 50 young (51200K), 13 survivors (13312K)
 Metaspace       used 25868K, committed 26880K, reserved 1114112K
  class space    used 3874K, committed 4352K, reserved 1048576K
}
Event: 12.656 GC heap after
{Heap after GC invocations=6 (full 0):
 garbage-first heap   total 86016K, used 26451K [0x00000000a0000000, 0x0000000100000000)
  region size 1024K, 3 young (3072K), 3 survivors (3072K)
 Metaspace       used 25868K, committed 26880K, reserved 1114112K
  class space    used 3874K, committed 4352K, reserved 1048576K
}
Event: 14.888 GC heap before
{Heap before GC invocations=6 (full 0):
 garbage-first heap   total 86016K, used 68435K [0x00000000a0000000, 0x0000000100000000)
  region size 1024K, 45 young (46080K), 3 survivors (3072K)
 Metaspace       used 32208K, committed 33152K, reserved 1114112K
  class space    used 4593K, committed 5056K, reserved 1048576K
}
Event: 15.903 GC heap after
{Heap after GC invocations=7 (full 0):
 garbage-first heap   total 86016K, used 31239K [0x00000000a0000000, 0x0000000100000000)
  region size 1024K, 6 young (6144K), 6 survivors (6144K)
 Metaspace       used 32208K, committed 33152K, reserved 1114112K
  class space    used 4593K, committed 5056K, reserved 1048576K
}
Event: 15.909 GC heap before
{Heap before GC invocations=7 (full 0):
 garbage-first heap   total 86016K, used 32263K [0x00000000a0000000, 0x0000000100000000)
  region size 1024K, 7 young (7168K), 6 survivors (6144K)
 Metaspace       used 32229K, committed 33216K, reserved 1114112K
  class space    used 4596K, committed 5056K, reserved 1048576K
}
Event: 15.915 GC heap after
{Heap after GC invocations=8 (full 0):
 garbage-first heap   total 86016K, used 32429K [0x00000000a0000000, 0x0000000100000000)
  region size 1024K, 1 young (1024K), 1 survivors (1024K)
 Metaspace       used 32229K, committed 33216K, reserved 1114112K
  class space    used 4596K, committed 5056K, reserved 1048576K
}
Event: 15.933 GC heap before
{Heap before GC invocations=8 (full 0):
 garbage-first heap   total 86016K, used 35501K [0x00000000a0000000, 0x0000000100000000)
  region size 1024K, 4 young (4096K), 1 survivors (1024K)
 Metaspace       used 32229K, committed 33216K, reserved 1114112K
  class space    used 4596K, committed 5056K, reserved 1048576K
}
Event: 15.936 GC heap after
{Heap after GC invocations=9 (full 0):
 garbage-first heap   total 86016K, used 32098K [0x00000000a0000000, 0x0000000100000000)
  region size 1024K, 1 young (1024K), 1 survivors (1024K)
 Metaspace       used 32229K, committed 33216K, reserved 1114112K
  class space    used 4596K, committed 5056K, reserved 1048576K
}
Event: 16.023 GC heap before
{Heap before GC invocations=9 (full 0):
 garbage-first heap   total 86016K, used 34146K [0x00000000a0000000, 0x0000000100000000)
  region size 1024K, 4 young (4096K), 1 survivors (1024K)
 Metaspace       used 32410K, committed 33408K, reserved 1114112K
  class space    used 4624K, committed 5120K, reserved 1048576K
}

