# JRE version: Java(TM) SE Runtime Environment (17.0+35) (build 17+35-LTS-2724)
# Java VM: Java HotSpot(TM) 64-Bit Server VM (17+35-LTS-2724, mixed mode, sharing, tiered, compressed oops, compressed class ptrs, g1 gc, windows-amd64)
GC Precious Log:
 CPUs: 8 total, 8 available
 Memory: 16141M
 Large Page Support: Disabled
 NUMA Support: Disabled
 Compressed Oops: Enabled (32-bit)
 Heap Region Size: 1M
 Heap Min Capacity: 8M
 Heap Initial Capacity: 254M
 Heap Max Capacity: 1536M
 Pre-touch: Disabled
 Parallel Workers: 8
 Concurrent Workers: 2
 Concurrent Refinement Workers: 8
 Periodic GC: Disabled
Heap:
 garbage-first heap   total 260096K, used 64903K [0x00000000a0000000, 0x0000000100000000)
  region size 1024K, 2 young (2048K), 2 survivors (2048K)
 Metaspace       used 56175K, committed 56768K, reserved 1105920K
  class space    used 7729K, committed 8000K, reserved 1048576K
GC Heap History (20 events):
Event: 33.737 GC heap after
{Heap after GC invocations=18 (full 0):
 garbage-first heap   total 89088K, used 46923K [0x00000000a0000000, 0x0000000100000000)
  region size 1024K, 1 young (1024K), 1 survivors (1024K)
 Metaspace       used 47814K, committed 48320K, reserved 1097728K
  class space    used 6635K, committed 6848K, reserved 1048576K
}
Event: 34.146 GC heap before
{Heap before GC invocations=18 (full 0):
 garbage-first heap   total 89088K, used 71499K [0x00000000a0000000, 0x0000000100000000)
  region size 1024K, 26 young (26624K), 1 survivors (1024K)
 Metaspace       used 47818K, committed 48320K, reserved 1097728K
  class space    used 6635K, committed 6848K, reserved 1048576K
}
Event: 34.153 GC heap after
{Heap after GC invocations=19 (full 0):
 garbage-first heap   total 89088K, used 48564K [0x00000000a0000000, 0x0000000100000000)
  region size 1024K, 3 young (3072K), 3 survivors (3072K)
 Metaspace       used 47818K, committed 48320K, reserved 1097728K
  class space    used 6635K, committed 6848K, reserved 1048576K
}
Event: 35.074 GC heap before
{Heap before GC invocations=20 (full 0):
 garbage-first heap   total 89088K, used 76212K [0x00000000a0000000, 0x0000000100000000)
  region size 1024K, 26 young (26624K), 3 survivors (3072K)
 Metaspace       used 47945K, committed 48512K, reserved 1097728K
  class space    used 6654K, committed 6912K, reserved 1048576K
}
Event: 35.079 GC heap after
{Heap after GC invocations=21 (full 0):
 garbage-first heap   total 89088K, used 58674K [0x00000000a0000000, 0x0000000100000000)
  region size 1024K, 4 young (4096K), 4 survivors (4096K)
 Metaspace       used 47945K, committed 48512K, reserved 1097728K
  class space    used 6654K, committed 6912K, reserved 1048576K
}
Event: 35.080 GC heap before
{Heap before GC invocations=21 (full 0):
 garbage-first heap   total 89088K, used 58674K [0x00000000a0000000, 0x0000000100000000)
  region size 1024K, 5 young (5120K), 4 survivors (4096K)
 Metaspace       used 47945K, committed 48512K, reserved 1097728K
  class space    used 6654K, committed 6912K, reserved 1048576K
}
Event: 35.085 GC heap after
{Heap after GC invocations=22 (full 0):
 garbage-first heap   total 89088K, used 57148K [0x00000000a0000000, 0x0000000100000000)
  region size 1024K, 1 young (1024K), 1 survivors (1024K)
 Metaspace       used 47945K, committed 48512K, reserved 1097728K
  class space    used 6654K, committed 6912K, reserved 1048576K
}
Event: 35.533 GC heap before
{Heap before GC invocations=22 (full 0):
 garbage-first heap   total 89088K, used 69436K [0x00000000a0000000, 0x0000000100000000)
  region size 1024K, 14 young (14336K), 1 survivors (1024K)
 Metaspace       used 48520K, committed 49024K, reserved 1097728K
  class space    used 6747K, committed 6976K, reserved 1048576K
}
Event: 35.538 GC heap after
{Heap after GC invocations=23 (full 0):
 garbage-first heap   total 89088K, used 59581K [0x00000000a0000000, 0x0000000100000000)
  region size 1024K, 2 young (2048K), 2 survivors (2048K)
 Metaspace       used 48520K, committed 49024K, reserved 1097728K
  class space    used 6747K, committed 6976K, reserved 1048576K
}
Event: 35.998 GC heap before
{Heap before GC invocations=24 (full 0):
 garbage-first heap   total 102400K, used 69821K [0x00000000a0000000, 0x0000000100000000)
  region size 1024K, 13 young (13312K), 2 survivors (2048K)
 Metaspace       used 49261K, committed 49792K, reserved 1097728K
  class space    used 6831K, committed 7040K, reserved 1048576K
}
Event: 36.003 GC heap after
{Heap after GC invocations=25 (full 0):
 garbage-first heap   total 102400K, used 61063K [0x00000000a0000000, 0x0000000100000000)
  region size 1024K, 2 young (2048K), 2 survivors (2048K)
 Metaspace       used 49261K, committed 49792K, reserved 1097728K
  class space    used 6831K, committed 7040K, reserved 1048576K
}
Event: 36.081 GC heap before
{Heap before GC invocations=25 (full 0):
 garbage-first heap   total 102400K, used 64135K [0x00000000a0000000, 0x0000000100000000)
  region size 1024K, 5 young (5120K), 2 survivors (2048K)
 Metaspace       used 49467K, committed 50048K, reserved 1097728K
  class space    used 6850K, committed 7104K, reserved 1048576K
}
Event: 36.083 GC heap after
{Heap after GC invocations=26 (full 0):
 garbage-first heap   total 102400K, used 62527K [0x00000000a0000000, 0x0000000100000000)
  region size 1024K, 1 young (1024K), 1 survivors (1024K)
 Metaspace       used 49467K, committed 50048K, reserved 1097728K
  class space    used 6850K, committed 7104K, reserved 1048576K
}
Event: 36.763 GC heap before
{Heap before GC invocations=26 (full 0):
 garbage-first heap   total 102400K, used 81983K [0x00000000a0000000, 0x0000000100000000)
  region size 1024K, 20 young (20480K), 1 survivors (1024K)
 Metaspace       used 51193K, committed 51840K, reserved 1097728K
  class space    used 7080K, committed 7360K, reserved 1048576K
}
Event: 36.766 GC heap after
{Heap after GC invocations=27 (full 0):
 garbage-first heap   total 102400K, used 63373K [0x00000000a0000000, 0x0000000100000000)
  region size 1024K, 2 young (2048K), 2 survivors (2048K)
 Metaspace       used 51193K, committed 51840K, reserved 1097728K
  class space    used 7080K, committed 7360K, reserved 1048576K
}
Event: 37.256 GC heap before
{Heap before GC invocations=28 (full 0):
 garbage-first heap   total 116736K, used 80781K [0x00000000a0000000, 0x0000000100000000)
  region size 1024K, 19 young (19456K), 2 survivors (2048K)
 Metaspace       used 52936K, committed 53568K, reserved 1097728K
  class space    used 7255K, committed 7552K, reserved 1048576K
}
Event: 37.260 GC heap after
{Heap after GC invocations=29 (full 0):
 garbage-first heap   total 116736K, used 64022K [0x00000000a0000000, 0x0000000100000000)
  region size 1024K, 2 young (2048K), 2 survivors (2048K)
 Metaspace       used 52936K, committed 53568K, reserved 1097728K
  class space    used 7255K, committed 7552K, reserved 1048576K
}
Event: 37.399 GC heap before
{Heap before GC invocations=29 (full 0):
 garbage-first heap   total 116736K, used 66070K [0x00000000a0000000, 0x0000000100000000)
  region size 1024K, 5 young (5120K), 2 survivors (2048K)
 Metaspace       used 53333K, committed 53952K, reserved 1097728K
  class space    used 7312K, committed 7616K, reserved 1048576K
}
Event: 37.403 GC heap after
{Heap after GC invocations=30 (full 0):
 garbage-first heap   total 116736K, used 63907K [0x00000000a0000000, 0x0000000100000000)
  region size 1024K, 1 young (1024K), 1 survivors (1024K)
 Metaspace       used 53333K, committed 53952K, reserved 1097728K
  class space    used 7312K, committed 7616K, reserved 1048576K
}
Event: 38.618 GC heap before
{Heap before GC invocations=30 (full 0):
 garbage-first heap   total 116736K, used 93603K [0x00000000a0000000, 0x0000000100000000)
  region size 1024K, 30 young (30720K), 1 survivors (1024K)
 Metaspace       used 56175K, committed 56768K, reserved 1105920K
  class space    used 7729K, committed 8000K, reserved 1048576K
}

